<?xml version="1.0" encoding="UTF-8"?>
<testsuite xmlns:xsi="http://www.w3.org/2001/XMLSchema-instance" xsi:noNamespaceSchemaLocation="https://maven.apache.org/surefire/maven-surefire-plugin/xsd/surefire-test-report-3.0.xsd" version="3.0" name="pkgShape.RectangleTest" time="0.021" tests="1" errors="0" skipped="0" failures="1">
  <properties>
[...]
</properties>
  <testcase name="RectangleTest" classname="pkgShape.RectangleTest" time="0.012">
    <failure type="org.opentest4j.AssertionFailedError"><![CDATA[org.opentest4j.AssertionFailedError: NoSuchMethodException
	at pkgShape.RectangleTest.RectangleTest(RectangleTest.java:39)
]]></failure>
  </testcase>
</testsuite>